Using base prefix '/cvmfs/soft.computecanada.ca/easybuild/software/2017/Core/python/3.7.4'
New python executable in /localscratch/ng1998.62321985.0/env/bin/python
Installing setuptools, pip, wheel...
done.
Ignoring pip: markers 'python_version < "3"' don't match your environment
Looking in links: /cvmfs/soft.computecanada.ca/custom/python/wheelhouse/nix/avx2, /cvmfs/soft.computecanada.ca/custom/python/wheelhouse/nix/generic, /cvmfs/soft.computecanada.ca/custom/python/wheelhouse/generic
Collecting scipy
Collecting numpy>=1.13.3 (from scipy)
Installing collected packages: numpy, scipy
Successfully installed numpy-1.19.2 scipy-1.4.1
Ignoring pip: markers 'python_version < "3"' don't match your environment
Looking in links: /cvmfs/soft.computecanada.ca/custom/python/wheelhouse/nix/avx2, /cvmfs/soft.computecanada.ca/custom/python/wheelhouse/nix/generic, /cvmfs/soft.computecanada.ca/custom/python/wheelhouse/generic
Collecting pandas
Collecting python-dateutil>=2.7.3 (from pandas)
Collecting pytz>=2017.2 (from pandas)
Requirement already satisfied: numpy>=1.15.4 in ./env/lib/python3.7/site-packages (from pandas) (1.19.2)
Collecting six>=1.5 (from python-dateutil>=2.7.3->pandas)
Installing collected packages: six, python-dateutil, pytz, pandas
Successfully installed pandas-1.1.3 python-dateutil-2.8.1 pytz-2021.1 six-1.15.0
Ignoring pip: markers 'python_version < "3"' don't match your environment
Looking in links: /cvmfs/soft.computecanada.ca/custom/python/wheelhouse/nix/avx2, /cvmfs/soft.computecanada.ca/custom/python/wheelhouse/nix/generic, /cvmfs/soft.computecanada.ca/custom/python/wheelhouse/generic
Collecting matplotlib
Collecting pyparsing!=2.0.4,!=2.1.2,!=2.1.6,>=2.0.3 (from matplotlib)
Requirement already satisfied: python-dateutil>=2.1 in ./env/lib/python3.7/site-packages (from matplotlib) (2.8.1)
Collecting certifi>=2020.06.20 (from matplotlib)
Requirement already satisfied: numpy>=1.15 in ./env/lib/python3.7/site-packages (from matplotlib) (1.19.2)
Collecting pillow>=6.2.0 (from matplotlib)
Collecting kiwisolver>=1.0.1 (from matplotlib)
Collecting cycler>=0.10 (from matplotlib)
Requirement already satisfied: six>=1.5 in ./env/lib/python3.7/site-packages (from python-dateutil>=2.1->matplotlib) (1.15.0)
Installing collected packages: pyparsing, certifi, pillow, kiwisolver, cycler, matplotlib
Successfully installed certifi-2020.12.5 cycler-0.10.0 kiwisolver-1.3.1 matplotlib-3.3.2 pillow-7.2.0 pyparsing-2.4.7
Ignoring pip: markers 'python_version < "3"' don't match your environment
Looking in links: /cvmfs/soft.computecanada.ca/custom/python/wheelhouse/nix/avx2, /cvmfs/soft.computecanada.ca/custom/python/wheelhouse/nix/generic, /cvmfs/soft.computecanada.ca/custom/python/wheelhouse/generic
Collecting seaborn
Requirement already satisfied: matplotlib>=2.2 in ./env/lib/python3.7/site-packages (from seaborn) (3.3.2)
Requirement already satisfied: pandas>=0.23 in ./env/lib/python3.7/site-packages (from seaborn) (1.1.3)
Requirement already satisfied: numpy>=1.15 in ./env/lib/python3.7/site-packages (from seaborn) (1.19.2)
Requirement already satisfied: scipy>=1.0 in ./env/lib/python3.7/site-packages (from seaborn) (1.4.1)
Requirement already satisfied: python-dateutil>=2.1 in ./env/lib/python3.7/site-packages (from matplotlib>=2.2->seaborn) (2.8.1)
Requirement already satisfied: kiwisolver>=1.0.1 in ./env/lib/python3.7/site-packages (from matplotlib>=2.2->seaborn) (1.3.1)
Requirement already satisfied: certifi>=2020.06.20 in ./env/lib/python3.7/site-packages (from matplotlib>=2.2->seaborn) (2020.12.5)
Requirement already satisfied: pillow>=6.2.0 in ./env/lib/python3.7/site-packages (from matplotlib>=2.2->seaborn) (7.2.0)
Requirement already satisfied: pyparsing!=2.0.4,!=2.1.2,!=2.1.6,>=2.0.3 in ./env/lib/python3.7/site-packages (from matplotlib>=2.2->seaborn) (2.4.7)
Requirement already satisfied: cycler>=0.10 in ./env/lib/python3.7/site-packages (from matplotlib>=2.2->seaborn) (0.10.0)
Requirement already satisfied: pytz>=2017.2 in ./env/lib/python3.7/site-packages (from pandas>=0.23->seaborn) (2021.1)
Requirement already satisfied: six>=1.5 in ./env/lib/python3.7/site-packages (from python-dateutil>=2.1->matplotlib>=2.2->seaborn) (1.15.0)
Installing collected packages: seaborn
Successfully installed seaborn-0.11.1
Ignoring pip: markers 'python_version < "3"' don't match your environment
Looking in links: /cvmfs/soft.computecanada.ca/custom/python/wheelhouse/nix/avx2, /cvmfs/soft.computecanada.ca/custom/python/wheelhouse/nix/generic, /cvmfs/soft.computecanada.ca/custom/python/wheelhouse/generic
Collecting Brian2
Requirement already satisfied: pyparsing in ./env/lib/python3.7/site-packages (from Brian2) (2.4.7)
Collecting jinja2>=2.7 (from Brian2)
Collecting sympy>=1.2 (from Brian2)
Requirement already satisfied: setuptools>=24.2 in ./env/lib/python3.7/site-packages (from Brian2) (41.0.1)
Requirement already satisfied: numpy>=1.15 in ./env/lib/python3.7/site-packages (from Brian2) (1.19.2)
Collecting cython>=0.29 (from Brian2)
  Using cached https://files.pythonhosted.org/packages/9e/98/bff39b3acaebbc6102be71797f655bbe60738f7339db4ad7bd0772c08daf/Cython-0.29.22-py2.py3-none-any.whl
Collecting MarkupSafe>=0.23 (from jinja2>=2.7->Brian2)
Collecting mpmath>=0.19 (from sympy>=1.2->Brian2)
  Using cached https://files.pythonhosted.org/packages/d4/cf/3965bddbb4f1a61c49aacae0e78fd1fe36b5dc36c797b31f30cf07dcbbb7/mpmath-1.2.1-py3-none-any.whl
Installing collected packages: MarkupSafe, jinja2, mpmath, sympy, cython, Brian2
Successfully installed Brian2-2.4.2 MarkupSafe-1.1.1 cython-0.29.22 jinja2-2.11.3 mpmath-1.2.1 sympy-1.7.1
Ignoring pip: markers 'python_version < "3"' don't match your environment
Looking in links: /cvmfs/soft.computecanada.ca/custom/python/wheelhouse/nix/avx2, /cvmfs/soft.computecanada.ca/custom/python/wheelhouse/nix/generic, /cvmfs/soft.computecanada.ca/custom/python/wheelhouse/generic
Collecting scikit_plot
  Using cached https://files.pythonhosted.org/packages/7c/47/32520e259340c140a4ad27c1b97050dd3254fdc517b1d59974d47037510e/scikit_plot-0.3.7-py3-none-any.whl
Requirement already satisfied: scipy>=0.9 in ./env/lib/python3.7/site-packages (from scikit_plot) (1.4.1)
Collecting scikit-learn>=0.18 (from scikit_plot)
Requirement already satisfied: matplotlib>=1.4.0 in ./env/lib/python3.7/site-packages (from scikit_plot) (3.3.2)
Collecting joblib>=0.10 (from scikit_plot)
Requirement already satisfied: numpy>=1.13.3 in ./env/lib/python3.7/site-packages (from scipy>=0.9->scikit_plot) (1.19.2)
Collecting threadpoolctl>=2.0.0 (from scikit-learn>=0.18->scikit_plot)
Requirement already satisfied: cycler>=0.10 in ./env/lib/python3.7/site-packages (from matplotlib>=1.4.0->scikit_plot) (0.10.0)
Requirement already satisfied: pyparsing!=2.0.4,!=2.1.2,!=2.1.6,>=2.0.3 in ./env/lib/python3.7/site-packages (from matplotlib>=1.4.0->scikit_plot) (2.4.7)
Requirement already satisfied: kiwisolver>=1.0.1 in ./env/lib/python3.7/site-packages (from matplotlib>=1.4.0->scikit_plot) (1.3.1)
Requirement already satisfied: certifi>=2020.06.20 in ./env/lib/python3.7/site-packages (from matplotlib>=1.4.0->scikit_plot) (2020.12.5)
Requirement already satisfied: pillow>=6.2.0 in ./env/lib/python3.7/site-packages (from matplotlib>=1.4.0->scikit_plot) (7.2.0)
Requirement already satisfied: python-dateutil>=2.1 in ./env/lib/python3.7/site-packages (from matplotlib>=1.4.0->scikit_plot) (2.8.1)
Requirement already satisfied: six in ./env/lib/python3.7/site-packages (from cycler>=0.10->matplotlib>=1.4.0->scikit_plot) (1.15.0)
Installing collected packages: joblib, threadpoolctl, scikit-learn, scikit-plot
Successfully installed joblib-1.0.1 scikit-learn-0.23.0 scikit-plot-0.3.7 threadpoolctl-2.1.0
Ignoring pip: markers 'python_version < "3"' don't match your environment
Looking in links: /cvmfs/soft.computecanada.ca/custom/python/wheelhouse/nix/avx2, /cvmfs/soft.computecanada.ca/custom/python/wheelhouse/nix/generic, /cvmfs/soft.computecanada.ca/custom/python/wheelhouse/generic
Collecting Nni
Collecting schema (from Nni)
  Using cached https://files.pythonhosted.org/packages/c7/64/497632c9dc3c1bc94a92d9cafdc5cbd21d011bb651952765195739129a49/schema-0.7.4-py2.py3-none-any.whl
Collecting colorama (from Nni)
Collecting hyperopt==0.1.2 (from Nni)
  Using cached https://files.pythonhosted.org/packages/63/12/704382c3081df3ae3f9d96fe6afb62efa2fa9749be20c301cd2797fb0b52/hyperopt-0.1.2-py3-none-any.whl
Collecting requests (from Nni)
Collecting responses (from Nni)
Collecting websockets (from Nni)
  Using cached https://files.pythonhosted.org/packages/89/2d/e6a8aa1cf062b8c5eb1b6bca1c3131e6e1f5bd25c829521a10a022a9864a/websockets-3.3-py33.py34.py35.py36-none-any.whl
Collecting PythonWebHDFS (from Nni)
  Using cached https://files.pythonhosted.org/packages/65/65/231feee80b3a5e0826e2e0d6c7921bb916f268b5cc824bdd04c4be13d9d3/PythonWebHDFS-0.2.3-py3-none-any.whl
Requirement already satisfied: scipy; python_version >= "3.7" in ./env/lib/python3.7/site-packages (from Nni) (1.4.1)
Requirement already satisfied: numpy; sys_platform != "win32" and python_version >= "3.7" in ./env/lib/python3.7/site-packages (from Nni) (1.19.2)
Collecting scikit-learn>=0.23.2 (from Nni)
  Using cached https://files.pythonhosted.org/packages/f4/7b/d415b0c89babf23dcd8ee631015f043e2d76795edd9c7359d6e63257464b/scikit-learn-0.24.1.tar.gz
  Installing build dependencies: started
  Installing build dependencies: finished with status 'error'
  ERROR: Complete output from command /localscratch/ng1998.62321985.0/env/bin/python /localscratch/ng1998.62321985.0/env/lib/python3.7/site-packages/pip install --ignore-installed --no-user --prefix /tmp/pip-build-env-q4o_1j56/overlay --no-warn-script-location --no-binary :none: --only-binary cython,grpcio,h5py,mpi4py,numpy,pandas,scipy -i https://pypi.org/simple --find-links /cvmfs/soft.computecanada.ca/custom/python/wheelhouse/nix/avx2 --find-links /cvmfs/soft.computecanada.ca/custom/python/wheelhouse/nix/generic --find-links /cvmfs/soft.computecanada.ca/custom/python/wheelhouse/generic -- setuptools wheel 'Cython>=0.28.5' 'numpy==1.13.3; python_version=='"'"'3.6'"'"' and platform_machine!='"'"'aarch64'"'"' and platform_system!='"'"'AIX'"'"' and platform_python_implementation=='"'"'CPython'"'"'' 'numpy==1.14.0; python_version=='"'"'3.6'"'"' and platform_machine!='"'"'aarch64'"'"' and platform_system!='"'"'AIX'"'"' and platform_python_implementation!='"'"'CPython'"'"'' 'numpy==1.16.0; python_version=='"'"'3.6'"'"' and platform_machine!='"'"'aarch64'"'"' and platform_system=='"'"'AIX'"'"'' 'numpy==1.16.0; python_version=='"'"'3.7'"'"' and platform_machine!='"'"'aarch64'"'"' and platform_system=='"'"'AIX'"'"'' 'numpy==1.19.0; python_version=='"'"'3.6'"'"' and platform_machine=='"'"'aarch64'"'"'' 'numpy==1.19.0; python_version=='"'"'3.7'"'"' and platform_machine=='"'"'aarch64'"'"'' 'numpy==1.19.0; python_version=='"'"'3.8'"'"' and platform_machine=='"'"'aarch64'"'"'' 'numpy==1.14.5; python_version=='"'"'3.7'"'"' and platform_machine!='"'"'aarch64'"'"' and platform_system!='"'"'AIX'"'"'' 'numpy==1.17.3; python_version=='"'"'3.8'"'"' and platform_machine!='"'"'aarch64'"'"'' 'numpy==1.19.3; python_version=='"'"'3.9'"'"'' 'scipy>=0.19.1':
  ERROR: Ignoring pip: markers 'python_version < "3"' don't match your environment
  Ignoring numpy: markers 'python_version == "3.6" and platform_machine != "aarch64" and platform_system != "AIX" and platform_python_implementation == "CPython"' don't match your environment
  Ignoring numpy: markers 'python_version == "3.6" and platform_machine != "aarch64" and platform_system != "AIX" and platform_python_implementation != "CPython"' don't match your environment
  Ignoring numpy: markers 'python_version == "3.6" and platform_machine != "aarch64" and platform_system == "AIX"' don't match your environment
  Ignoring numpy: markers 'python_version == "3.7" and platform_machine != "aarch64" and platform_system == "AIX"' don't match your environment
  Ignoring numpy: markers 'python_version == "3.6" and platform_machine == "aarch64"' don't match your environment
  Ignoring numpy: markers 'python_version == "3.7" and platform_machine == "aarch64"' don't match your environment
  Ignoring numpy: markers 'python_version == "3.8" and platform_machine == "aarch64"' don't match your environment
  Ignoring numpy: markers 'python_version == "3.8" and platform_machine != "aarch64"' don't match your environment
  Ignoring numpy: markers 'python_version == "3.9"' don't match your environment
  Looking in links: /cvmfs/soft.computecanada.ca/custom/python/wheelhouse/nix/avx2, /cvmfs/soft.computecanada.ca/custom/python/wheelhouse/nix/generic, /cvmfs/soft.computecanada.ca/custom/python/wheelhouse/generic, /cvmfs/soft.computecanada.ca/custom/python/wheelhouse/nix/avx2, /cvmfs/soft.computecanada.ca/custom/python/wheelhouse/nix/generic, /cvmfs/soft.computecanada.ca/custom/python/wheelhouse/generic
  Collecting setuptools
  Collecting wheel
    Using cached https://files.pythonhosted.org/packages/65/63/39d04c74222770ed1589c0eaba06c05891801219272420b40311cd60c880/wheel-0.36.2-py2.py3-none-any.whl
  Collecting Cython>=0.28.5
    Using cached https://files.pythonhosted.org/packages/9e/98/bff39b3acaebbc6102be71797f655bbe60738f7339db4ad7bd0772c08daf/Cython-0.29.22-py2.py3-none-any.whl
  Collecting numpy==1.14.5
    ERROR: Could not find a version that satisfies the requirement numpy==1.14.5 (from versions: 1.15.0, 1.15.2, 1.15.4, 1.16.0, 1.16.2, 1.16.3, 1.17.4, 1.18.1, 1.18.4, 1.19.1, 1.19.2)
  ERROR: No matching distribution found for numpy==1.14.5
  ----------------------------------------
ERROR: Command "/localscratch/ng1998.62321985.0/env/bin/python /localscratch/ng1998.62321985.0/env/lib/python3.7/site-packages/pip install --ignore-installed --no-user --prefix /tmp/pip-build-env-q4o_1j56/overlay --no-warn-script-location --no-binary :none: --only-binary cython,grpcio,h5py,mpi4py,numpy,pandas,scipy -i https://pypi.org/simple --find-links /cvmfs/soft.computecanada.ca/custom/python/wheelhouse/nix/avx2 --find-links /cvmfs/soft.computecanada.ca/custom/python/wheelhouse/nix/generic --find-links /cvmfs/soft.computecanada.ca/custom/python/wheelhouse/generic -- setuptools wheel 'Cython>=0.28.5' 'numpy==1.13.3; python_version=='"'"'3.6'"'"' and platform_machine!='"'"'aarch64'"'"' and platform_system!='"'"'AIX'"'"' and platform_python_implementation=='"'"'CPython'"'"'' 'numpy==1.14.0; python_version=='"'"'3.6'"'"' and platform_machine!='"'"'aarch64'"'"' and platform_system!='"'"'AIX'"'"' and platform_python_implementation!='"'"'CPython'"'"'' 'numpy==1.16.0; python_version=='"'"'3.6'"'"' and platform_machine!='"'"'aarch64'"'"' and platform_system=='"'"'AIX'"'"'' 'numpy==1.16.0; python_version=='"'"'3.7'"'"' and platform_machine!='"'"'aarch64'"'"' and platform_system=='"'"'AIX'"'"'' 'numpy==1.19.0; python_version=='"'"'3.6'"'"' and platform_machine=='"'"'aarch64'"'"'' 'numpy==1.19.0; python_version=='"'"'3.7'"'"' and platform_machine=='"'"'aarch64'"'"'' 'numpy==1.19.0; python_version=='"'"'3.8'"'"' and platform_machine=='"'"'aarch64'"'"'' 'numpy==1.14.5; python_version=='"'"'3.7'"'"' and platform_machine!='"'"'aarch64'"'"' and platform_system!='"'"'AIX'"'"'' 'numpy==1.17.3; python_version=='"'"'3.8'"'"' and platform_machine!='"'"'aarch64'"'"'' 'numpy==1.19.3; python_version=='"'"'3.9'"'"'' 'scipy>=0.19.1'" failed with error code 1 in None
Ignoring pip: markers 'python_version < "3"' don't match your environment
Looking in links: /cvmfs/soft.computecanada.ca/custom/python/wheelhouse/nix/avx2, /cvmfs/soft.computecanada.ca/custom/python/wheelhouse/nix/generic, /cvmfs/soft.computecanada.ca/custom/python/wheelhouse/generic
Requirement already satisfied: scikit_learn in ./env/lib/python3.7/site-packages (0.23.0)
Requirement already satisfied: scipy>=0.19.1 in ./env/lib/python3.7/site-packages (from scikit_learn) (1.4.1)
Requirement already satisfied: numpy>=1.13.3 in ./env/lib/python3.7/site-packages (from scikit_learn) (1.19.2)
Requirement already satisfied: threadpoolctl>=2.0.0 in ./env/lib/python3.7/site-packages (from scikit_learn) (2.1.0)
Requirement already satisfied: joblib>=0.11 in ./env/lib/python3.7/site-packages (from scikit_learn) (1.0.1)
fatal: could not create work tree dir 'EMG_exp': Permission denied
/var/spool/slurmd/job62321985/slurm_script: line 29: cd: EMG_exp: No such file or directory
python: can't open file 'experiment_exploration.py': [Errno 2] No such file or directory
